0 info it worked if it ends with ok
1 verbose cli [ 'node', '/usr/bin/npm', 'start' ]
2 info using npm@3.9.6
3 info using node@v0.10.42
4 verbose run-script [ 'prestart', 'start', 'poststart' ]
5 info lifecycle angularjs@1.0.0~prestart: angularjs@1.0.0
6 silly lifecycle angularjs@1.0.0~prestart: no script for prestart, continuing
7 info lifecycle angularjs@1.0.0~start: angularjs@1.0.0
8 verbose lifecycle angularjs@1.0.0~start: unsafe-perm in lifecycle true
9 verbose lifecycle angularjs@1.0.0~start: PATH: /usr/lib/node_modules/npm/bin/node-gyp-bin:/usr/share/nginx/html/wipcoin/public/angular2/node_modules/.bin:/usr/bin:/usr/local/sbin:/usr/local/bin:/usr/sbin:/usr/bin:/root/.local/bin:/root/bin
10 verbose lifecycle angularjs@1.0.0~start: CWD: /usr/share/nginx/html/wipcoin/public/angular2
11 silly lifecycle angularjs@1.0.0~start: Args: [ '-c', 'tsc && concurrently "npm run tsc:w" "npm run lite" ' ]
12 silly lifecycle angularjs@1.0.0~start: Returned: code: 2  signal: null
13 info lifecycle angularjs@1.0.0~start: Failed to exec start script
14 verbose stack Error: angularjs@1.0.0 start: `tsc && concurrently "npm run tsc:w" "npm run lite" `
14 verbose stack Exit status 2
14 verbose stack     at EventEmitter.<anonymous> (/usr/lib/node_modules/npm/lib/utils/lifecycle.js:245:16)
14 verbose stack     at EventEmitter.emit (events.js:98:17)
14 verbose stack     at ChildProcess.<anonymous> (/usr/lib/node_modules/npm/lib/utils/spawn.js:24:14)
14 verbose stack     at ChildProcess.emit (events.js:98:17)
14 verbose stack     at maybeClose (child_process.js:766:16)
14 verbose stack     at Process.ChildProcess._handle.onexit (child_process.js:833:5)
15 verbose pkgid angularjs@1.0.0
16 verbose cwd /usr/share/nginx/html/wipcoin/public/angular2/app
17 error Linux 3.10.0-327.18.2.el7.x86_64
18 error argv "node" "/usr/bin/npm" "start"
19 error node v0.10.42
20 error npm  v3.9.6
21 error code ELIFECYCLE
22 error angularjs@1.0.0 start: `tsc && concurrently "npm run tsc:w" "npm run lite" `
22 error Exit status 2
23 error Failed at the angularjs@1.0.0 start script 'tsc && concurrently "npm run tsc:w" "npm run lite" '.
23 error Make sure you have the latest version of node.js and npm installed.
23 error If you do, this is most likely a problem with the angularjs package,
23 error not with npm itself.
23 error Tell the author that this fails on your system:
23 error     tsc && concurrently "npm run tsc:w" "npm run lite"
23 error You can get information on how to open an issue for this project with:
23 error     npm bugs angularjs
23 error Or if that isn't available, you can get their info via:
23 error     npm owner ls angularjs
23 error There is likely additional logging output above.
24 verbose exit [ 1, true ]
